<?xml version="1.0" encoding="UTF-8"?>
<!-- Generated by org.testng.reporters.JUnitReportReporter -->
<<<<<<< HEAD
<testsuite hostname="DESKTOP-KAFRPIC" failures="0" tests="1" name="demo.TestRest" time="1.925" errors="0" timestamp="2022-12-07T13:52:18 BDT" skipped="0">
  <testcase classname="demo.TestRest" name="testPost" time="1.925"/>
=======
<testsuite hostname="DESKTOP-KAFRPIC" failures="0" tests="3" name="demo.TestRest" time="0.010" errors="0" timestamp="2022-12-07T13:13:06 BDT" skipped="0">
  <testcase classname="demo.TestRest" name="testPost_02" time="0.001"/>
  <system-out/>
  <testcase classname="demo.TestRest" name="testPost_02" time="0.008"/>
  <system-out/>
  <testcase classname="demo.TestRest" name="testPost_02" time="0.001"/>
>>>>>>> 6e54591f17c5466e7a2ed5964fe61e19ce09946d
  <system-out/>
</testsuite> <!-- demo.TestRest -->
