<?xml version="1.0" encoding="UTF-8"?>
<!-- Generated by org.testng.reporters.JUnitReportReporter -->
<testsuite hostname="DESKTOP-TRL4B08" failures="0" tests="1" name="demo.authentication.CookieBasedAuthetication" time="5.088" errors="0" timestamp="2022-12-07T20:26:37 BDT" skipped="0">
  <testcase classname="demo.authentication.CookieBasedAuthetication" name="test_Login" time="5.088"/>
  <system-out/>
</testsuite> <!-- demo.authentication.CookieBasedAuthetication -->
