<?xml version="1.0" encoding="UTF-8"?>
<!-- Generated by org.testng.reporters.JUnitReportReporter -->
<testsuite hostname="DESKTOP-TRL4B08" failures="0" tests="2" name="demo.authentication.TokenBasedAuthetication" time="5.202" errors="0" timestamp="2022-12-07T21:17:53 BDT" skipped="0">
  <testcase classname="demo.authentication.TokenBasedAuthetication" name="test_Login" time="4.740"/>
  <system-out/>
  <testcase classname="demo.authentication.TokenBasedAuthetication" name="test_getAllStaff" time="0.462"/>
  <system-out/>
</testsuite> <!-- demo.authentication.TokenBasedAuthetication -->
