<?xml version="1.0" encoding="UTF-8"?>
<!-- Generated by org.testng.reporters.JUnitReportReporter -->
<testsuite hostname="DESKTOP-TRL4B08" failures="0" tests="1" name="demo.TestRest" time="0.013" errors="0" timestamp="2022-12-05T22:21:26 BDT" skipped="0">
  <testcase classname="demo.TestRest" name="testPost_01" time="0.013"/>
  <system-out/>
</testsuite> <!-- demo.TestRest -->
