<?xml version="1.0" encoding="UTF-8"?>
<!-- Generated by org.testng.reporters.JUnitReportReporter -->
<testsuite hostname="DESKTOP-KAFRPIC" failures="0" tests="1" name="demo.TestRest" time="1.925" errors="0" timestamp="2022-12-07T13:52:18 BDT" skipped="0">
  <testcase classname="demo.TestRest" name="testPost" time="1.925"/>
  <system-out/>
</testsuite> <!-- demo.TestRest -->
