<?xml version="1.0" encoding="UTF-8"?>
<!-- Generated by org.testng.reporters.JUnitReportReporter -->
<testsuite hostname="DESKTOP-TRL4B08" failures="0" tests="3" name="demo.TestRest" time="0.069" errors="0" timestamp="2022-12-05T23:47:09 BDT" skipped="0">
  <testcase classname="demo.TestRest" name="testPost_02" time="0.008"/>
  <system-out/>
  <testcase classname="demo.TestRest" name="testPost_02" time="0.057"/>
  <system-out/>
  <testcase classname="demo.TestRest" name="testPost_02" time="0.004"/>
  <system-out/>
</testsuite> <!-- demo.TestRest -->
