<?xml version="1.0" encoding="UTF-8"?>
<!-- Generated by org.testng.reporters.JUnitReportReporter -->
<testsuite hostname="DESKTOP-TRL4B08" failures="0" tests="3" name="demo.TestRest" time="0.020" errors="0" timestamp="2022-12-07T11:45:42 BDT" skipped="0">
  <testcase classname="demo.TestRest" name="testPost_02" time="0.010"/>
  <system-out/>
  <testcase classname="demo.TestRest" name="testPost_02" time="0.005"/>
  <system-out/>
  <testcase classname="demo.TestRest" name="testPost_02" time="0.005"/>
  <system-out/>
</testsuite> <!-- demo.TestRest -->
